{"code":"WORKER_RESOURCE_LIMIT","message":"Function failed due to not having enough compute resources (please check logs)"}{"event": "sync_mautic_start", "pageSize": 50, "maxTotalPages": 2, "dryRun": true}
{"ok":true,"result":{"created":49,"updated":0,"skipped":1,"dryRun":true,"pageStart":0,"pageSize":50,"maxPages":1,"processedPages":1}}
{"ok":true,"result":{"created":41,"updated":0,"skipped":0,"dryRun":true,"pageStart":1,"pageSize":50,"maxPages":1,"processedPages":1}}
{"event": "sync_mautic_done", "reason": "last_page", "lastPage": 1, "created": 90, "updated": 0, "skipped": 1, "dryRun": true}
{"event": "sync_mautic_start", "pageSize": 50, "maxTotalPages": 1000, "dryRun": false}
{"ok":true,"result":{"created":0,"updated":49,"skipped":1,"dryRun":false,"pageStart":0,"pageSize":50,"maxPages":1,"processedPages":1}}
{"event": "sync_mautic_request_error", "page": 1, "error": "The read operation timed out"}
Traceback (most recent call last):
  File "<stdin>", line 67, in <module>
  File "/usr/lib/python3.12/urllib/request.py", line 215, in urlopen
    return opener.open(url, data, timeout)
           ^^^^^^^^^^^^^^^^^^^^^^^^^^^^^^^
  File "/usr/lib/python3.12/urllib/request.py", line 515, in open
    response = self._open(req, data)
               ^^^^^^^^^^^^^^^^^^^^^
  File "/usr/lib/python3.12/urllib/request.py", line 532, in _open
    result = self._call_chain(self.handle_open, protocol, protocol +
             ^^^^^^^^^^^^^^^^^^^^^^^^^^^^^^^^^^^^^^^^^^^^^^^^^^^^^^^
  File "/usr/lib/python3.12/urllib/request.py", line 492, in _call_chain
    result = func(*args)
             ^^^^^^^^^^^
  File "/usr/lib/python3.12/urllib/request.py", line 1392, in https_open
    return self.do_open(http.client.HTTPSConnection, req,
           ^^^^^^^^^^^^^^^^^^^^^^^^^^^^^^^^^^^^^^^^^^^^^^
  File "/usr/lib/python3.12/urllib/request.py", line 1348, in do_open
    r = h.getresponse()
        ^^^^^^^^^^^^^^^
  File "/usr/lib/python3.12/http/client.py", line 1448, in getresponse
    response.begin()
  File "/usr/lib/python3.12/http/client.py", line 336, in begin
    version, status, reason = self._read_status()
                              ^^^^^^^^^^^^^^^^^^^
  File "/usr/lib/python3.12/http/client.py", line 297, in _read_status
    line = str(self.fp.readline(_MAXLINE + 1), "iso-8859-1")
               ^^^^^^^^^^^^^^^^^^^^^^^^^^^^^^
  File "/usr/lib/python3.12/socket.py", line 707, in readinto
    return self._sock.recv_into(b)
           ^^^^^^^^^^^^^^^^^^^^^^^
  File "/usr/lib/python3.12/ssl.py", line 1252, in recv_into
    return self.read(nbytes, buffer)
           ^^^^^^^^^^^^^^^^^^^^^^^^^
  File "/usr/lib/python3.12/ssl.py", line 1104, in read
    return self._sslobj.read(len, buffer)
           ^^^^^^^^^^^^^^^^^^^^^^^^^^^^^^
TimeoutError: The read operation timed out
